# JRE version: OpenJDK Runtime Environment (8.0_152-b01) (build 1.8.0_152-release-1248-b01)
# Java VM: OpenJDK 64-Bit Server VM (25.152-b01 mixed mode windows-amd64 compressed oops)
Heap:
 PSYoungGen      total 239616K, used 217640K [0x00000000e0000000, 0x00000000f5380000, 0x0000000100000000)
  eden space 196608K, 95% used [0x00000000e0000000,0x00000000eb84f2d0,0x00000000ec000000)
  from space 43008K, 67% used [0x00000000eeb00000,0x00000000f073af98,0x00000000f1500000)
  to   space 44032K, 0% used [0x00000000ec000000,0x00000000ec000000,0x00000000eeb00000)
 ParOldGen       total 239104K, used 69116K [0x00000000a0000000, 0x00000000ae980000, 0x00000000e0000000)
  object space 239104K, 28% used [0x00000000a0000000,0x00000000a437f3b0,0x00000000ae980000)
 Metaspace       used 90108K, capacity 93296K, committed 93568K, reserved 1130496K
  class space    used 11574K, capacity 12393K, committed 12416K, reserved 1048576K
GC Heap History (10 events):
Event: 277.866 GC heap before
{Heap before GC invocations=15 (full 3):
 PSYoungGen      total 186880K, used 182419K [0x00000000e0000000, 0x00000000edd00000, 0x0000000100000000)
  eden space 167424K, 100% used [0x00000000e0000000,0x00000000ea380000,0x00000000ea380000)
  from space 19456K, 77% used [0x00000000ea380000,0x00000000eb224c20,0x00000000eb680000)
  to   space 19968K, 0% used [0x00000000ec980000,0x00000000ec980000,0x00000000edd00000)
 ParOldGen       total 239104K, used 32062K [0x00000000a0000000, 0x00000000ae980000, 0x00000000e0000000)
  object space 239104K, 13% used [0x00000000a0000000,0x00000000a1f4fa48,0x00000000ae980000)
 Metaspace       used 73548K, capacity 76198K, committed 76544K, reserved 1116160K
  class space    used 9668K, capacity 10372K, committed 10496K, reserved 1048576K
Event: 277.913 GC heap after
Heap after GC invocations=15 (full 3):
 PSYoungGen      total 202752K, used 19964K [0x00000000e0000000, 0x00000000ee700000, 0x0000000100000000)
  eden space 182784K, 0% used [0x00000000e0000000,0x00000000e0000000,0x00000000eb280000)
  from space 19968K, 99% used [0x00000000ec980000,0x00000000edcff198,0x00000000edd00000)
  to   space 23552K, 0% used [0x00000000eb280000,0x00000000eb280000,0x00000000ec980000)
 ParOldGen       total 239104K, used 34831K [0x00000000a0000000, 0x00000000ae980000, 0x00000000e0000000)
  object space 239104K, 14% used [0x00000000a0000000,0x00000000a2203e48,0x00000000ae980000)
 Metaspace       used 73548K, capacity 76198K, committed 76544K, reserved 1116160K
  class space    used 9668K, capacity 10372K, committed 10496K, reserved 1048576K
}
Event: 447.775 GC heap before
{Heap before GC invocations=16 (full 3):
 PSYoungGen      total 202752K, used 202748K [0x00000000e0000000, 0x00000000ee700000, 0x0000000100000000)
  eden space 182784K, 100% used [0x00000000e0000000,0x00000000eb280000,0x00000000eb280000)
  from space 19968K, 99% used [0x00000000ec980000,0x00000000edcff198,0x00000000edd00000)
  to   space 23552K, 0% used [0x00000000eb280000,0x00000000eb280000,0x00000000ec980000)
 ParOldGen       total 239104K, used 34831K [0x00000000a0000000, 0x00000000ae980000, 0x00000000e0000000)
  object space 239104K, 14% used [0x00000000a0000000,0x00000000a2203e48,0x00000000ae980000)
 Metaspace       used 79085K, capacity 82018K, committed 82304K, reserved 1120256K
  class space    used 10362K, capacity 11106K, committed 11136K, reserved 1048576K
Event: 447.830 GC heap after
Heap after GC invocations=16 (full 3):
 PSYoungGen      total 202240K, used 23545K [0x00000000e0000000, 0x00000000eec80000, 0x0000000100000000)
  eden space 178688K, 0% used [0x00000000e0000000,0x00000000e0000000,0x00000000eae80000)
  from space 23552K, 99% used [0x00000000eb280000,0x00000000ec97e7b8,0x00000000ec980000)
  to   space 31744K, 0% used [0x00000000ecd80000,0x00000000ecd80000,0x00000000eec80000)
 ParOldGen       total 239104K, used 49820K [0x00000000a0000000, 0x00000000ae980000, 0x00000000e0000000)
  object space 239104K, 20% used [0x00000000a0000000,0x00000000a30a70f8,0x00000000ae980000)
 Metaspace       used 79085K, capacity 82018K, committed 82304K, reserved 1120256K
  class space    used 10362K, capacity 11106K, committed 11136K, reserved 1048576K
}
Event: 454.346 GC heap before
{Heap before GC invocations=17 (full 3):
 PSYoungGen      total 202240K, used 202233K [0x00000000e0000000, 0x00000000eec80000, 0x0000000100000000)
  eden space 178688K, 100% used [0x00000000e0000000,0x00000000eae80000,0x00000000eae80000)
  from space 23552K, 99% used [0x00000000eb280000,0x00000000ec97e7b8,0x00000000ec980000)
  to   space 31744K, 0% used [0x00000000ecd80000,0x00000000ecd80000,0x00000000eec80000)
 ParOldGen       total 239104K, used 49820K [0x00000000a0000000, 0x00000000ae980000, 0x00000000e0000000)
  object space 239104K, 20% used [0x00000000a0000000,0x00000000a30a70f8,0x00000000ae980000)
 Metaspace       used 87140K, capacity 90190K, committed 90496K, reserved 1128448K
  class space    used 11270K, capacity 12076K, committed 12160K, reserved 1048576K
Event: 454.407 GC heap after
Heap after GC invocations=17 (full 3):
 PSYoungGen      total 202240K, used 31740K [0x00000000e0000000, 0x00000000f1200000, 0x0000000100000000)
  eden space 170496K, 0% used [0x00000000e0000000,0x00000000e0000000,0x00000000ea680000)
  from space 31744K, 99% used [0x00000000ecd80000,0x00000000eec7f230,0x00000000eec80000)
  to   space 39936K, 0% used [0x00000000ea680000,0x00000000ea680000,0x00000000ecd80000)
 ParOldGen       total 239104K, used 60023K [0x00000000a0000000, 0x00000000ae980000, 0x00000000e0000000)
  object space 239104K, 25% used [0x00000000a0000000,0x00000000a3a9dfa0,0x00000000ae980000)
 Metaspace       used 87140K, capacity 90190K, committed 90496K, reserved 1128448K
  class space    used 11270K, capacity 12076K, committed 12160K, reserved 1048576K
}
Event: 456.520 GC heap before
{Heap before GC invocations=18 (full 3):
 PSYoungGen      total 202240K, used 202109K [0x00000000e0000000, 0x00000000f1200000, 0x0000000100000000)
  eden space 170496K, 99% used [0x00000000e0000000,0x00000000ea6602a8,0x00000000ea680000)
  from space 31744K, 99% used [0x00000000ecd80000,0x00000000eec7f230,0x00000000eec80000)
  to   space 39936K, 0% used [0x00000000ea680000,0x00000000ea680000,0x00000000ecd80000)
 ParOldGen       total 239104K, used 60023K [0x00000000a0000000, 0x00000000ae980000, 0x00000000e0000000)
  object space 239104K, 25% used [0x00000000a0000000,0x00000000a3a9dfa0,0x00000000ae980000)
 Metaspace       used 89772K, capacity 92930K, committed 93312K, reserved 1130496K
  class space    used 11530K, capacity 12344K, committed 12416K, reserved 1048576K
Event: 456.555 GC heap after
Heap after GC invocations=18 (full 3):
 PSYoungGen      total 210432K, used 31287K [0x00000000e0000000, 0x00000000f1500000, 0x0000000100000000)
  eden space 170496K, 0% used [0x00000000e0000000,0x00000000e0000000,0x00000000ea680000)
  from space 39936K, 78% used [0x00000000ea680000,0x00000000ec50df08,0x00000000ecd80000)
  to   space 43008K, 0% used [0x00000000eeb00000,0x00000000eeb00000,0x00000000f1500000)
 ParOldGen       total 239104K, used 69108K [0x00000000a0000000, 0x00000000ae980000, 0x00000000e0000000)
  object space 239104K, 28% used [0x00000000a0000000,0x00000000a437d3b0,0x00000000ae980000)
 Metaspace       used 89772K, capacity 92930K, committed 93312K, reserved 1130496K
  class space    used 11530K, capacity 12344K, committed 12416K, reserved 1048576K
}
Event: 456.571 GC heap before
{Heap before GC invocations=19 (full 3):
 PSYoungGen      total 210432K, used 201697K [0x00000000e0000000, 0x00000000f1500000, 0x0000000100000000)
  eden space 170496K, 99% used [0x00000000e0000000,0x00000000ea66a6d0,0x00000000ea680000)
  from space 39936K, 78% used [0x00000000ea680000,0x00000000ec50df08,0x00000000ecd80000)
  to   space 43008K, 0% used [0x00000000eeb00000,0x00000000eeb00000,0x00000000f1500000)
 ParOldGen       total 239104K, used 69108K [0x00000000a0000000, 0x00000000ae980000, 0x00000000e0000000)
  object space 239104K, 28% used [0x00000000a0000000,0x00000000a437d3b0,0x00000000ae980000)
 Metaspace       used 89781K, capacity 92930K, committed 93312K, reserved 1130496K
  class space    used 11530K, capacity 12344K, committed 12416K, reserved 1048576K
Event: 456.599 GC heap after
Heap after GC invocations=19 (full 3):
 PSYoungGen      total 239616K, used 28907K [0x00000000e0000000, 0x00000000f5380000, 0x0000000100000000)
  eden space 196608K, 0% used [0x00000000e0000000,0x00000000e0000000,0x00000000ec000000)
  from space 43008K, 67% used [0x00000000eeb00000,0x00000000f073af98,0x00000000f1500000)
  to   space 44032K, 0% used [0x00000000ec000000,0x00000000ec000000,0x00000000eeb00000)
 ParOldGen       total 239104K, used 69116K [0x00000000a0000000, 0x00000000ae980000, 0x00000000e0000000)
  object space 239104K, 28% used [0x00000000a0000000,0x00000000a437f3b0,0x00000000ae980000)
 Metaspace       used 89781K, capacity 92930K, committed 93312K, reserved 1130496K
  class space    used 11530K, capacity 12344K, committed 12416K, reserved 1048576K
}

