# JRE version: OpenJDK Runtime Environment (8.0_152-b01) (build 1.8.0_152-release-1248-b01)
# Java VM: OpenJDK 64-Bit Server VM (25.152-b01 mixed mode windows-amd64 compressed oops)
Heap:
 PSYoungGen      total 245760K, used 88393K [0x00000000e0000000, 0x00000000f5680000, 0x0000000100000000)
  eden space 224256K, 31% used [0x00000000e0000000,0x00000000e448c9e0,0x00000000edb00000)
  from space 21504K, 84% used [0x00000000edb00000,0x00000000eecc5ba8,0x00000000ef000000)
  to   space 23040K, 0% used [0x00000000f4000000,0x00000000f4000000,0x00000000f5680000)
 ParOldGen       total 279040K, used 34234K [0x00000000a0000000, 0x00000000b1080000, 0x00000000e0000000)
  object space 279040K, 12% used [0x00000000a0000000,0x00000000a216eb40,0x00000000b1080000)
 Metaspace       used 86906K, capacity 90508K, committed 90752K, reserved 1128448K
  class space    used 11337K, capacity 12124K, committed 12160K, reserved 1048576K
GC Heap History (10 events):
Event: 151.107 GC heap before
{Heap before GC invocations=14 (full 3):
 PSYoungGen      total 153600K, used 153206K [0x00000000e0000000, 0x00000000eb480000, 0x0000000100000000)
  eden space 142848K, 100% used [0x00000000e0000000,0x00000000e8b80000,0x00000000e8b80000)
  from space 10752K, 96% used [0x00000000eaa00000,0x00000000eb41d8b0,0x00000000eb480000)
  to   space 18944K, 0% used [0x00000000e8f80000,0x00000000e8f80000,0x00000000ea200000)
 ParOldGen       total 279040K, used 31968K [0x00000000a0000000, 0x00000000b1080000, 0x00000000e0000000)
  object space 279040K, 11% used [0x00000000a0000000,0x00000000a1f38280,0x00000000b1080000)
 Metaspace       used 65228K, capacity 67432K, committed 67584K, reserved 1107968K
  class space    used 8627K, capacity 9174K, committed 9216K, reserved 1048576K
Event: 151.115 GC heap after
Heap after GC invocations=14 (full 3):
 PSYoungGen      total 165888K, used 7018K [0x00000000e0000000, 0x00000000ec180000, 0x0000000100000000)
  eden space 146944K, 0% used [0x00000000e0000000,0x00000000e0000000,0x00000000e8f80000)
  from space 18944K, 37% used [0x00000000e8f80000,0x00000000e965a880,0x00000000ea200000)
  to   space 18944K, 0% used [0x00000000eaf00000,0x00000000eaf00000,0x00000000ec180000)
 ParOldGen       total 279040K, used 31976K [0x00000000a0000000, 0x00000000b1080000, 0x00000000e0000000)
  object space 279040K, 11% used [0x00000000a0000000,0x00000000a1f3a280,0x00000000b1080000)
 Metaspace       used 65228K, capacity 67432K, committed 67584K, reserved 1107968K
  class space    used 8627K, capacity 9174K, committed 9216K, reserved 1048576K
}
Event: 155.072 GC heap before
{Heap before GC invocations=15 (full 3):
 PSYoungGen      total 165888K, used 153558K [0x00000000e0000000, 0x00000000ec180000, 0x0000000100000000)
  eden space 146944K, 99% used [0x00000000e0000000,0x00000000e8f1b2d0,0x00000000e8f80000)
  from space 18944K, 37% used [0x00000000e8f80000,0x00000000e965a880,0x00000000ea200000)
  to   space 18944K, 0% used [0x00000000eaf00000,0x00000000eaf00000,0x00000000ec180000)
 ParOldGen       total 279040K, used 31976K [0x00000000a0000000, 0x00000000b1080000, 0x00000000e0000000)
  object space 279040K, 11% used [0x00000000a0000000,0x00000000a1f3a280,0x00000000b1080000)
 Metaspace       used 69613K, capacity 71954K, committed 72064K, reserved 1112064K
  class space    used 9166K, capacity 9771K, committed 9856K, reserved 1048576K
Event: 155.087 GC heap after
Heap after GC invocations=15 (full 3):
 PSYoungGen      total 178688K, used 13457K [0x00000000e0000000, 0x00000000ec580000, 0x0000000100000000)
  eden space 159744K, 0% used [0x00000000e0000000,0x00000000e0000000,0x00000000e9c00000)
  from space 18944K, 71% used [0x00000000eaf00000,0x00000000ebc24598,0x00000000ec180000)
  to   space 19456K, 0% used [0x00000000e9c00000,0x00000000e9c00000,0x00000000eaf00000)
 ParOldGen       total 279040K, used 31984K [0x00000000a0000000, 0x00000000b1080000, 0x00000000e0000000)
  object space 279040K, 11% used [0x00000000a0000000,0x00000000a1f3c280,0x00000000b1080000)
 Metaspace       used 69613K, capacity 71954K, committed 72064K, reserved 1112064K
  class space    used 9166K, capacity 9771K, committed 9856K, reserved 1048576K
}
Event: 155.116 GC heap before
{Heap before GC invocations=16 (full 3):
 PSYoungGen      total 178688K, used 173133K [0x00000000e0000000, 0x00000000ec580000, 0x0000000100000000)
  eden space 159744K, 99% used [0x00000000e0000000,0x00000000e9beee78,0x00000000e9c00000)
  from space 18944K, 71% used [0x00000000eaf00000,0x00000000ebc24598,0x00000000ec180000)
  to   space 19456K, 0% used [0x00000000e9c00000,0x00000000e9c00000,0x00000000eaf00000)
 ParOldGen       total 279040K, used 31984K [0x00000000a0000000, 0x00000000b1080000, 0x00000000e0000000)
  object space 279040K, 11% used [0x00000000a0000000,0x00000000a1f3c280,0x00000000b1080000)
 Metaspace       used 69624K, capacity 72018K, committed 72320K, reserved 1112064K
  class space    used 9166K, capacity 9771K, committed 9856K, reserved 1048576K
Event: 155.127 GC heap after
Heap after GC invocations=16 (full 3):
 PSYoungGen      total 179200K, used 9818K [0x00000000e0000000, 0x00000000f0500000, 0x0000000100000000)
  eden space 159744K, 0% used [0x00000000e0000000,0x00000000e0000000,0x00000000e9c00000)
  from space 19456K, 50% used [0x00000000e9c00000,0x00000000ea5969a8,0x00000000eaf00000)
  to   space 18944K, 0% used [0x00000000ef280000,0x00000000ef280000,0x00000000f0500000)
 ParOldGen       total 279040K, used 31992K [0x00000000a0000000, 0x00000000b1080000, 0x00000000e0000000)
  object space 279040K, 11% used [0x00000000a0000000,0x00000000a1f3e280,0x00000000b1080000)
 Metaspace       used 69624K, capacity 72018K, committed 72320K, reserved 1112064K
  class space    used 9166K, capacity 9771K, committed 9856K, reserved 1048576K
}
Event: 158.634 GC heap before
{Heap before GC invocations=17 (full 3):
 PSYoungGen      total 179200K, used 168637K [0x00000000e0000000, 0x00000000f0500000, 0x0000000100000000)
  eden space 159744K, 99% used [0x00000000e0000000,0x00000000e9b18d80,0x00000000e9c00000)
  from space 19456K, 50% used [0x00000000e9c00000,0x00000000ea5969a8,0x00000000eaf00000)
  to   space 18944K, 0% used [0x00000000ef280000,0x00000000ef280000,0x00000000f0500000)
 ParOldGen       total 279040K, used 31992K [0x00000000a0000000, 0x00000000b1080000, 0x00000000e0000000)
  object space 279040K, 11% used [0x00000000a0000000,0x00000000a1f3e280,0x00000000b1080000)
 Metaspace       used 80136K, capacity 83434K, committed 83456K, reserved 1122304K
  class space    used 10517K, capacity 11249K, committed 11264K, reserved 1048576K
Event: 158.661 GC heap after
Heap after GC invocations=17 (full 3):
 PSYoungGen      total 242688K, used 18924K [0x00000000e0000000, 0x00000000f0500000, 0x0000000100000000)
  eden space 223744K, 0% used [0x00000000e0000000,0x00000000e0000000,0x00000000eda80000)
  from space 18944K, 99% used [0x00000000ef280000,0x00000000f04fb3e0,0x00000000f0500000)
  to   space 21504K, 0% used [0x00000000edb00000,0x00000000edb00000,0x00000000ef000000)
 ParOldGen       total 279040K, used 34226K [0x00000000a0000000, 0x00000000b1080000, 0x00000000e0000000)
  object space 279040K, 12% used [0x00000000a0000000,0x00000000a216cb40,0x00000000b1080000)
 Metaspace       used 80136K, capacity 83434K, committed 83456K, reserved 1122304K
  class space    used 10517K, capacity 11249K, committed 11264K, reserved 1048576K
}
Event: 214.775 GC heap before
{Heap before GC invocations=18 (full 3):
 PSYoungGen      total 242688K, used 242668K [0x00000000e0000000, 0x00000000f0500000, 0x0000000100000000)
  eden space 223744K, 100% used [0x00000000e0000000,0x00000000eda80000,0x00000000eda80000)
  from space 18944K, 99% used [0x00000000ef280000,0x00000000f04fb3e0,0x00000000f0500000)
  to   space 21504K, 0% used [0x00000000edb00000,0x00000000edb00000,0x00000000ef000000)
 ParOldGen       total 279040K, used 34226K [0x00000000a0000000, 0x00000000b1080000, 0x00000000e0000000)
  object space 279040K, 12% used [0x00000000a0000000,0x00000000a216cb40,0x00000000b1080000)
 Metaspace       used 81493K, capacity 84960K, committed 85248K, reserved 1122304K
  class space    used 10693K, capacity 11448K, committed 11520K, reserved 1048576K
Event: 214.802 GC heap after
Heap after GC invocations=18 (full 3):
 PSYoungGen      total 245760K, used 18198K [0x00000000e0000000, 0x00000000f5680000, 0x0000000100000000)
  eden space 224256K, 0% used [0x00000000e0000000,0x00000000e0000000,0x00000000edb00000)
  from space 21504K, 84% used [0x00000000edb00000,0x00000000eecc5ba8,0x00000000ef000000)
  to   space 23040K, 0% used [0x00000000f4000000,0x00000000f4000000,0x00000000f5680000)
 ParOldGen       total 279040K, used 34234K [0x00000000a0000000, 0x00000000b1080000, 0x00000000e0000000)
  object space 279040K, 12% used [0x00000000a0000000,0x00000000a216eb40,0x00000000b1080000)
 Metaspace       used 81493K, capacity 84960K, committed 85248K, reserved 1122304K
  class space    used 10693K, capacity 11448K, committed 11520K, reserved 1048576K
}

